1711632205800	geckodriver	INFO	Listening on 127.0.0.1:50993
1711632205819	mozrunner::runner	INFO	Running command: MOZ_CRASHREPORTER="1" MOZ_CRASHREPORTER_NO_REPORT="1" MOZ_CRASHREPORTER_SHUTDOWN="1" MOZ_NO_REMOTE="1" "/Use ... s" "localhost" "-foreground" "-no-remote" "-profile" "/var/folders/rt/gjqfbtvs7hx5k9c53xb3sx5m0000gn/T/rust_mozprofileODKlYc"
console.warn: services.settings: Ignoring preference override of remote settings server
console.warn: services.settings: Allow by setting MOZ_REMOTE_SETTINGS_DEVTOOLS=1 in the environment
1711632206050	Marionette	INFO	Marionette enabled
console.error: "Warning: unrecognized command line flag" "-remote-allow-hosts"
1711632206298	Marionette	INFO	Listening on port 51003
WebDriver BiDi listening on ws://127.0.0.1:50994
Read port: 51003
1711632206501	RemoteAgent	WARN	TLS certificate errors will be ignored for this session
UNSUPPORTED (log once): POSSIBLE ISSUE: unit 1 GLD_TEXTURE_INDEX_2D is unloadable and bound to sampler type (Float) - using zero texture because texture unloadable
DevTools listening on ws://127.0.0.1:50994/devtools/browser/4db195b0-335c-4580-8e60-c2d1b1452e6a
console.warn: LoginRecipes: "Falling back to a synchronous message for: https://www.saucedemo.com."
console.warn: LoginRecipes: "Falling back to a synchronous message for: https://www.saucedemo.com."
1711632236088	addons.xpi	ERROR	System addon update list error SyntaxError: XMLHttpRequest.open: 'http://%(server)s/dummy-system-addons.xml' is not a valid URL.
JavaScript error: resource://gre/modules/PrivateBrowsingUtils.sys.mjs, line 19: TypeError: aWindow is null
JavaScript warning: https://www.saucedemo.com/static/js/2.c39c1971.chunk.js, line 2: Script terminated by timeout at:
get@https://www.saucedemo.com/static/js/2.c39c1971.chunk.js:2:118291
r/936/n/7429/value/<@https://www.saucedemo.com/static/js/2.c39c1971.chunk.js:2:51414

1711633512480	Marionette	INFO	Stopped listening on port 51003
console.error: "Failed to fetch https://spocs.getpocket.com/user:" "NetworkError when attempting to fetch resource."
console.warn: TopSitesFeed: Failed to fetch data from Contile server: NetworkError when attempting to fetch resource.
